c:\users\moksh\documents\visual studio 2017\project_nj\project_nj\x64\debug\vc141.pdb
c:\users\moksh\documents\visual studio 2017\project_nj\project_nj\x64\debug\myform2.obj
c:\users\moksh\documents\visual studio 2017\project_nj\project_nj\x64\debug\myform.obj
c:\users\moksh\documents\visual studio 2017\project_nj\project_nj\x64\debug\myform1.obj
c:\users\moksh\documents\visual studio 2017\project_nj\project_nj\x64\debug\admin.obj
c:\users\moksh\documents\visual studio 2017\project_nj\x64\debug\project_nj.exe
c:\users\moksh\documents\visual studio 2017\project_nj\x64\debug\project_nj.pdb
c:\users\moksh\documents\visual studio 2017\project_nj\project_nj\x64\debug\projectnj.admin.resources
c:\users\moksh\documents\visual studio 2017\project_nj\project_nj\x64\debug\projectnj.myform.resources
c:\users\moksh\documents\visual studio 2017\project_nj\project_nj\x64\debug\projectnj.myform1.resources
c:\users\moksh\documents\visual studio 2017\project_nj\project_nj\x64\debug\projectnj.myform2.resources
c:\users\moksh\documents\visual studio 2017\project_nj\project_nj\x64\debug\project_nj.vcxproj.generateresource.cache
c:\users\moksh\documents\visual studio 2017\project_nj\project_nj\x64\debug\project_nj.vcxprojassemblyreference.cache
c:\users\moksh\documents\visual studio 2017\project_nj\project_nj\x64\debug\project_nj.tlog\cl.command.1.tlog
c:\users\moksh\documents\visual studio 2017\project_nj\project_nj\x64\debug\project_nj.tlog\cl.read.1.tlog
c:\users\moksh\documents\visual studio 2017\project_nj\project_nj\x64\debug\project_nj.tlog\cl.write.1.tlog
c:\users\moksh\documents\visual studio 2017\project_nj\project_nj\x64\debug\project_nj.tlog\link.command.1.tlog
c:\users\moksh\documents\visual studio 2017\project_nj\project_nj\x64\debug\project_nj.tlog\link.read.1.tlog
c:\users\moksh\documents\visual studio 2017\project_nj\project_nj\x64\debug\project_nj.tlog\link.write.1.tlog
c:\users\moksh\documents\visual studio 2017\project_nj\project_nj\x64\debug\project_nj.tlog\metagen.read.1.tlog
c:\users\moksh\documents\visual studio 2017\project_nj\project_nj\x64\debug\project_nj.tlog\metagen.write.1.tlog
c:\users\moksh\documents\visual studio 2017\project_nj\project_nj\x64\debug\project_nj.tlog\project_nj.write.1u.tlog
c:\users\moksh\documents\visual studio 2017\project_nj\project_nj\x64\debug\project_nj.tlog\tzres.dll.bi
